<?xml version="1.0" encoding="UTF-8"?>
<testng-results ignored="0" total="1" passed="1" failed="0" skipped="0">
  <reporter-output>
  </reporter-output>
  <suite started-at="2018-11-20T03:32:46Z" name="Suite" finished-at="2018-11-20T03:32:46Z" duration-ms="34">
    <groups>
    </groups>
    <test started-at="2018-11-20T03:32:46Z" name="Test" finished-at="2018-11-20T03:32:46Z" duration-ms="34">
      <class name="seleniumJenkinsDemo.JenkinsDemo">
        <test-method signature="printJenkinsDemo()[pri:0, instance:seleniumJenkinsDemo.JenkinsDemo@48e4374]" started-at="2018-11-20T03:32:46Z" name="printJenkinsDemo" finished-at="2018-11-20T03:32:46Z" duration-ms="7" status="PASS">
          <reporter-output>
          </reporter-output>
        </test-method> <!-- printJenkinsDemo -->
      </class> <!-- seleniumJenkinsDemo.JenkinsDemo -->
    </test> <!-- Test -->
  </suite> <!-- Suite -->
</testng-results>
